initializing objects...
Intilazing color designer...
Loading all color schemes into memoery...
Intilazing type designer...
Intilazing graphic designer...
Intilazing progress interface manager...
Intilazing print manager...
Intilazing inspector...
====================NEW POSTER========================
A new poster is being created...
....creating poster...
poster width: 1240,height: 1754
Deciding layout...
Layout: Golden Ratio
Grid 1 Height: 670
Grid 2 Height: 1084
Poster padding: 68
Arranging graphics and typography to grids...
Grid on top has: letters grid on bottom has: graphics
New poster created! ID: 0
Updating progress interface infoation...
-------------
Display stage information
Shuffing colors...
Color scheme selected: [[I@6c88c34d]
Background Color: [FFDDDDDD]
Text Color: [FF1E1E1E]
Draw color to a thumbnail for the interface...
Updating progress interface infoation...
-------------
Display stage information
Init grid background...
Choosing graphics type...
Graphics type is: [pattern]
Creating graphics...
Number of shapes: [15]
Row/Column number: [15][15]
Each shape will have: [5] vectices
Width of single shape: [73.0] height: [63.0]
Horizontal gap: [27.058268]vertical gap: [23.351656]
Shape rotates 1by1 by [0.0]
Drawing the pattern on our poster...
Updating progress interface infoation...
-------------
Display stage information
Picked font: [Avenir-Medium]
Text vertical align: [37]
Column font size: [17]
Headline font size: [64]
Column number: [4]
Column width: [248.4]
Updating progress interface infoation...
-------------
Display stage information
insepcting the poster...
inspection finished
Updating progress interface infoation...
-------------
Display stage information
Saving file, file name: [poster_#1.png]
Updating progress interface infoation...
-------------
Display stage information
-------------
Display stage information
====================NEW POSTER========================
A new poster is being created...
....creating poster...
poster width: 1240,height: 1754
Deciding layout...
Layout: Silver Ratio
Grid 1 Height: 356
Grid 2 Height: 1398
Poster padding: 68
Arranging graphics and typography to grids...
Grid on top has: letters grid on bottom has: graphics
New poster created! ID: 1
Updating progress interface infoation...
-------------
Display stage information
Shuffing colors...
Color scheme selected: [[I@19224599]
Background Color: [FFE1E0DD]
Text Color: [FF1E1E1E]
Draw color to a thumbnail for the interface...
Updating progress interface infoation...
-------------
Display stage information
Init grid background...
Choosing graphics type...
Graphics type is: [pattern]
Creating graphics...
Number of shapes: [40]
Row/Column number: [1][40]
Each shape will have: [4] vectices
Width of single shape: [27.0] height: [1262.0]
Horizontal gap: [10.248105]vertical gap: [0.0]
Shape rotates 1by1 by [0.0]
Drawing the pattern on our poster...
Updating progress interface infoation...
-------------
Display stage information
Picked font: [Gotham]
Text vertical align: [37]
Column font size: [16]
Headline font size: [63]
Column number: [2]
Column width: [496.8]
Updating progress interface infoation...
-------------
Display stage information
insepcting the poster...
inspection finished
Updating progress interface infoation...
-------------
Display stage information
Saving file, file name: [poster_#2.png]
Updating progress interface infoation...
-------------
Display stage information
-------------
Display stage information
====================NEW POSTER========================
A new poster is being created...
....creating poster...
poster width: 1240,height: 1754
Deciding layout...
Layout: Golden Ratio
Grid 1 Height: 1083
Grid 2 Height: 671
Poster padding: 68
Arranging graphics and typography to grids...
Grid on top has: graphics grid on bottom has: letters
New poster created! ID: 2
Updating progress interface infoation...
-------------
Display stage information
Shuffing colors...
Color scheme selected: [[I@14ba1adb]
Background Color: [FFDDDDDD]
Text Color: [FF1E1E1E]
Draw color to a thumbnail for the interface...
Updating progress interface infoation...
-------------
Display stage information
Init grid background...
Choosing graphics type...
Graphics type is: [offset]
Creating graphics...
Choosing Shape...
Shape type: [ellipse]
stroke: [No Stroke
Shape number: [3]
The graphics scales by: [1.0]
Shape offset 1by1 by: [0.5] % of shape's size
Shapes offset by: [0.0] degree
Layer blending? [true]
Drawing shapes according to all parameters generated above...
Finished drawing graphics.
Updating progress interface infoation...
-------------
Display stage information
Picked font: [Futura]
Text vertical align: [37]
Column font size: [16]
Headline font size: [56]
Column number: [2]
Column width: [496.8]
Updating progress interface infoation...
-------------
Display stage information
insepcting the poster...
inspection finished
Updating progress interface infoation...
-------------
Display stage information
Saving file, file name: [poster_#3.png]
Updating progress interface infoation...
-------------
Display stage information
-------------
Display stage information
====================NEW POSTER========================
A new poster is being created...
....creating poster...
poster width: 1240,height: 1754
Deciding layout...
Layout: Golden Ratio
Grid 1 Height: 670
Grid 2 Height: 1084
Poster padding: 68
Arranging graphics and typography to grids...
Grid on top has: letters grid on bottom has: graphics
New poster created! ID: 3
Updating progress interface infoation...
-------------
Display stage information
Shuffing colors...
Color scheme selected: [[I@518c561a]
Background Color: [FFE1E0DD]
Text Color: [FF1E1E1E]
Draw color to a thumbnail for the interface...
Updating progress interface infoation...
-------------
Display stage information
Init grid background...
Choosing graphics type...
Graphics type is: [pattern]
Creating graphics...
Number of shapes: [15]
Row/Column number: [15][15]
Each shape will have: [3] vectices
Width of single shape: [73.0] height: [63.0]
Horizontal gap: [7.359872]vertical gap: [6.3516703]
Shape rotates 1by1 by [5.94261]
Drawing the pattern on our poster...
Updating progress interface infoation...
-------------
Display stage information
Picked font: [Avenir-Medium]
Text vertical align: [37]
Column font size: [16]
Headline font size: [57]
Column number: [2]
Column width: [496.8]
Updating progress interface infoation...
-------------
Display stage information
insepcting the poster...
inspection finished
Updating progress interface infoation...
-------------
Display stage information
Saving file, file name: [poster_#4.png]
Updating progress interface infoation...
-------------
Display stage information
-------------
Display stage information
====================NEW POSTER========================
A new poster is being created...
....creating poster...
poster width: 1240,height: 1754
Deciding layout...
Layout: Golden Ratio
Grid 1 Height: 670
Grid 2 Height: 1084
Poster padding: 68
Arranging graphics and typography to grids...
Grid on top has: letters grid on bottom has: graphics
New poster created! ID: 4
Updating progress interface infoation...
-------------
Display stage information
Shuffing colors...
Color scheme selected: [[I@556a4e00]
Background Color: [FFDDDDDD]
Text Color: [FF1E1E1E]
Draw color to a thumbnail for the interface...
Updating progress interface infoation...
-------------
Display stage information
Init grid background...
Choosing graphics type...
Graphics type is: [offset]
Creating graphics...
Choosing Shape...
Shape type: [ellipse]
stroke: [Only Stroke]
Shape number: [2]
The graphics scales by: [1.0]
Shape offset 1by1 by: [0.5] % of shape's size
Shapes offset by: [-45.0] degree
Layer blending? [true]
Drawing shapes according to all parameters generated above...
Finished drawing graphics.
Updating progress interface infoation...
-------------
Display stage information
Picked font: [Futura]
Text vertical align: [37]
Column font size: [18]
Headline font size: [104]
Column number: [2]
Column width: [496.8]
Updating progress interface infoation...
-------------
Display stage information
insepcting the poster...
inspection finished
Updating progress interface infoation...
-------------
Display stage information
Saving file, file name: [poster_#5.png]
Updating progress interface infoation...
-------------
Display stage information
-------------
Display stage information
====================NEW POSTER========================
A new poster is being created...
....creating poster...
poster width: 1240,height: 1754
Deciding layout...
Layout: Golden Ratio
Grid 1 Height: 1083
Grid 2 Height: 671
Poster padding: 68
Arranging graphics and typography to grids...
Grid on top has: graphics grid on bottom has: letters
New poster created! ID: 5
Updating progress interface infoation...
-------------
Display stage information
Shuffing colors...
Color scheme selected: [[I@63a7e714]
Background Color: [FFF43530]
Text Color: [FFFAFAFA]
Draw color to a thumbnail for the interface...
Updating progress interface infoation...
-------------
Display stage information
Init grid background...
Choosing graphics type...
Graphics type is: [offset]
Creating graphics...
Choosing Shape...
Shape type: [letter]
stroke: [No Stroke
Shape number: [2]
The graphics scales by: [1.0]
Shape offset 1by1 by: [0.382] % of shape's size
Shapes offset by: [180.0] degree
Layer blending? [true]
Drawing shapes according to all parameters generated above...
Finished drawing graphics.
Updating progress interface infoation...
-------------
Display stage information
Picked font: [Helvetica-Medium]
Text vertical align: [37]
Column font size: [16]
Headline font size: [60]
Column number: [2]
Column width: [496.8]
Updating progress interface infoation...
-------------
Display stage information
insepcting the poster...
inspection finished
Updating progress interface infoation...
-------------
Display stage information
Saving file, file name: [poster_#6.png]
Updating progress interface infoation...
-------------
Display stage information
-------------
Display stage information
====================NEW POSTER========================
A new poster is being created...
....creating poster...
poster width: 1240,height: 1754
Deciding layout...
Layout: Golden Ratio
Grid 1 Height: 670
Grid 2 Height: 1084
Poster padding: 68
Arranging graphics and typography to grids...
Grid on top has: letters grid on bottom has: graphics
New poster created! ID: 6
Updating progress interface infoation...
-------------
Display stage information
Shuffing colors...
Color scheme selected: [[I@4e0a5a7e]
Background Color: [FFF0CA75]
Text Color: [FFFAFAFA]
Draw color to a thumbnail for the interface...
Updating progress interface infoation...
-------------
Display stage information
Init grid background...
Choosing graphics type...
Graphics type is: [offset]
Creating graphics...
Choosing Shape...
Shape type: [ellipse]
stroke: [No Stroke
Shape number: [2]
The graphics scales by: [1.0]
Shape offset 1by1 by: [0.382] % of shape's size
Shapes offset by: [0.0] degree
Layer blending? [false]
Drawing shapes according to all parameters generated above...
Finished drawing graphics.
Updating progress interface infoation...
-------------
Display stage information
Picked font: [Gotham]
Text vertical align: [37]
Column font size: [18]
Headline font size: [62]
Column number: [4]
Column width: [248.4]
Updating progress interface infoation...
-------------
Display stage information
insepcting the poster...
inspection finished
Updating progress interface infoation...
-------------
Display stage information
Saving file, file name: [poster_#7.png]
Updating progress interface infoation...
-------------
Display stage information
-------------
Display stage information
====================NEW POSTER========================
A new poster is being created...
....creating poster...
poster width: 1240,height: 1754
Deciding layout...
Layout: Silver Ratio
Grid 1 Height: 356
Grid 2 Height: 1398
Poster padding: 68
Arranging graphics and typography to grids...
Grid on top has: letters grid on bottom has: graphics
New poster created! ID: 7
Updating progress interface infoation...
-------------
Display stage information
Shuffing colors...
Color scheme selected: [[I@66fe730]
Background Color: [FFF45844]
Text Color: [FFFAFAFA]
Draw color to a thumbnail for the interface...
Updating progress interface infoation...
-------------
Display stage information
Init grid background...
Choosing graphics type...
Graphics type is: [offset]
Creating graphics...
Choosing Shape...
Shape type: [rectangle]
stroke: [No Stroke
Shape number: [3]
The graphics scales by: [1.0]
Shape offset 1by1 by: [0.382] % of shape's size
Shapes offset by: [180.0] degree
Layer blending? [true]
Drawing shapes according to all parameters generated above...
Finished drawing graphics.
Updating progress interface infoation...
-------------
Display stage information
Picked font: [Gotham]
Text vertical align: [37]
Column font size: [16]
Headline font size: [102]
Column number: [4]
Column width: [248.4]
Updating progress interface infoation...
-------------
Display stage information
insepcting the poster...
inspection finished
Updating progress interface infoation...
-------------
Display stage information
Saving file, file name: [poster_#8.png]
Updating progress interface infoation...
-------------
Display stage information
-------------
Display stage information
====================NEW POSTER========================
A new poster is being created...
....creating poster...
poster width: 1240,height: 1754
Deciding layout...
Layout: Golden Ratio
Grid 1 Height: 670
Grid 2 Height: 1084
Poster padding: 68
Arranging graphics and typography to grids...
Grid on top has: letters grid on bottom has: graphics
New poster created! ID: 8
Updating progress interface infoation...
-------------
Display stage information
Shuffing colors...
Color scheme selected: [[I@28b49b1b]
Background Color: [FFC2B4A6]
Text Color: [FFFAFAFA]
Draw color to a thumbnail for the interface...
Updating progress interface infoation...
-------------
Display stage information
Init grid background...
Choosing graphics type...
Graphics type is: [offset]
Creating graphics...
Choosing Shape...
Shape type: [triangle]
stroke: [No Stroke
Shape number: [2]
The graphics scales by: [1.0]
Shape offset 1by1 by: [0.382] % of shape's size
Shapes offset by: [-45.0] degree
Layer blending? [true]
Drawing shapes according to all parameters generated above...
Finished drawing graphics.
Updating progress interface infoation...
-------------
Display stage information
Picked font: [Avenir-Medium]
Text vertical align: [37]
Column font size: [16]
Headline font size: [103]
Column number: [2]
Column width: [496.8]
Updating progress interface infoation...
-------------
Display stage information
insepcting the poster...
inspection finished
Updating progress interface infoation...
-------------
Display stage information
Saving file, file name: [poster_#9.png]
Updating progress interface infoation...
-------------
Display stage information
-------------
Display stage information
====================NEW POSTER========================
A new poster is being created...
....creating poster...
poster width: 1240,height: 1754
Deciding layout...
Layout: Silver Ratio
Grid 1 Height: 1397
Grid 2 Height: 357
Poster padding: 68
Arranging graphics and typography to grids...
Grid on top has: graphics grid on bottom has: letters
New poster created! ID: 9
Updating progress interface infoation...
-------------
Display stage information
Shuffing colors...
Color scheme selected: [[I@20a9090]
Background Color: [FFBFBABE]
Text Color: [FFFAFAFA]
Draw color to a thumbnail for the interface...
Updating progress interface infoation...
-------------
Display stage information
Init grid background...
Choosing graphics type...
Graphics type is: [offset]
Creating graphics...
Choosing Shape...
Shape type: [rectangle]
stroke: [No Stroke
Shape number: [2]
The graphics scales by: [1.0]
Shape offset 1by1 by: [0.382] % of shape's size
Shapes offset by: [0.0] degree
Layer blending? [true]
Drawing shapes according to all parameters generated above...
Finished drawing graphics.
Updating progress interface infoation...
-------------
Display stage information
Picked font: [Helvetica-Medium]
Text vertical align: [37]
Column font size: [18]
Headline font size: [73]
Column number: [4]
Column width: [248.4]
Updating progress interface infoation...
-------------
Display stage information
insepcting the poster...
inspection finished
Updating progress interface infoation...
-------------
Display stage information
Saving file, file name: [poster_#10.png]
Updating progress interface infoation...
-------------
Display stage information
-------------
Display stage information
====================NEW POSTER========================
A new poster is being created...
....creating poster...
poster width: 1240,height: 1754
Deciding layout...
Layout: Silver Ratio
Grid 1 Height: 1397
Grid 2 Height: 357
Poster padding: 68
Arranging graphics and typography to grids...
Grid on top has: graphics grid on bottom has: letters
New poster created! ID: 10
Updating progress interface infoation...
-------------
Display stage information
Shuffing colors...
Color scheme selected: [[I@5ceb8e07]
Background Color: [FFF45844]
Text Color: [FFFAFAFA]
Draw color to a thumbnail for the interface...
Updating progress interface infoation...
-------------
Display stage information
Init grid background...
Choosing graphics type...
Graphics type is: [offset]
Creating graphics...
Choosing Shape...
Shape type: [letter]
stroke: [No Stroke
Shape number: [2]
The graphics scales by: [1.0]
Shape offset 1by1 by: [0.382] % of shape's size
Shapes offset by: [-45.0] degree
Layer blending? [true]
Drawing shapes according to all parameters generated above...
Finished drawing graphics.
Updating progress interface infoation...
-------------
Display stage information
Picked font: [Helvetica-Medium]
Text vertical align: [37]
Column font size: [19]
Headline font size: [59]
Column number: [4]
Column width: [248.4]
Updating progress interface infoation...
-------------
Display stage information
insepcting the poster...
inspection finished
Updating progress interface infoation...
-------------
Display stage information
Saving file, file name: [poster_#11.png]
Updating progress interface infoation...
-------------
Display stage information
-------------
Display stage information
====================NEW POSTER========================
A new poster is being created...
....creating poster...
poster width: 1240,height: 1754
Deciding layout...
Layout: Golden Ratio
Grid 1 Height: 670
Grid 2 Height: 1084
Poster padding: 68
Arranging graphics and typography to grids...
Grid on top has: letters grid on bottom has: graphics
New poster created! ID: 11
Updating progress interface infoation...
-------------
Display stage information
Shuffing colors...
Color scheme selected: [[I@431c1cc5]
Background Color: [FFF45844]
Text Color: [FFFAFAFA]
Draw color to a thumbnail for the interface...
Updating progress interface infoation...
-------------
Display stage information
Init grid background...
Choosing graphics type...
Graphics type is: [offset]
Creating graphics...
Choosing Shape...
Shape type: [letter]
stroke: [No Stroke
Shape number: [2]
The graphics scales by: [1.0]
Shape offset 1by1 by: [0.382] % of shape's size
Shapes offset by: [-135.0] degree
Layer blending? [true]
Drawing shapes according to all parameters generated above...
Finished drawing graphics.
Updating progress interface infoation...
-------------
Display stage information
Picked font: [Avenir-Medium]
Text vertical align: [37]
Column font size: [18]
Headline font size: [97]
Column number: [4]
Column width: [248.4]
Updating progress interface infoation...
-------------
Display stage information
insepcting the poster...
inspection finished
Updating progress interface infoation...
-------------
Display stage information
Saving file, file name: [poster_#12.png]
Updating progress interface infoation...
-------------
Display stage information
-------------
Display stage information
====================NEW POSTER========================
A new poster is being created...
....creating poster...
poster width: 1240,height: 1754
Deciding layout...
Layout: Golden Ratio
Grid 1 Height: 670
Grid 2 Height: 1084
Poster padding: 68
Arranging graphics and typography to grids...
Grid on top has: letters grid on bottom has: graphics
New poster created! ID: 12
Updating progress interface infoation...
-------------
Display stage information
Shuffing colors...
Color scheme selected: [[I@179fe5]
Background Color: [FF08327D]
Text Color: [FFFAFAFA]
Draw color to a thumbnail for the interface...
Updating progress interface infoation...
-------------
Display stage information
Init grid background...
Choosing graphics type...
Graphics type is: [offset]
Creating graphics...
Choosing Shape...
Shape type: [letter]
stroke: [No Stroke
Shape number: [2]
The graphics scales by: [1.0]
Shape offset 1by1 by: [0.382] % of shape's size
Shapes offset by: [180.0] degree
Layer blending? [true]
Drawing shapes according to all parameters generated above...
Finished drawing graphics.
Updating progress interface infoation...
-------------
Display stage information
Picked font: [Futura]
Text vertical align: [37]
Column font size: [16]
Headline font size: [80]
Column number: [4]
Column width: [248.4]
Updating progress interface infoation...
-------------
Display stage information
